


ARM Macro Assembler    Page 1 


    1 00000000         ;/******************************************************
                       ********************//**
    2 00000000         ; * @file     startup_Nano100Series.s
    3 00000000         ; * @version  V1.00
    4 00000000         ; * $Revision: 4 $
    5 00000000         ; * $Date: 15/06/08 5:12p $
    6 00000000         ; * @brief    CMSIS ARM Cortex-M0 Core Device Startup Fi
                       le
    7 00000000         ; *
    8 00000000         ; * @note
    9 00000000         ; * Copyright (C) 2013 Nuvoton Technology Corp. All righ
                       ts reserved.
   10 00000000         ;*******************************************************
                       **********************/
   11 00000000         
   12 00000000         
   13 00000000         ; <h> Stack Configuration
   14 00000000         ;   <o> Stack Size (in Bytes) <0x0-0xFFFFFFFF:8>
   15 00000000         ; </h>
   16 00000000                 IF               :LNOT: :DEF: Stack_Size
   18                          ENDIF
   19 00000000                 AREA             STACK, NOINIT, READWRITE, ALIGN
=3
   20 00000000         Stack_Mem
                               SPACE            Stack_Size
   21 00000500         __initial_sp
   22 00000500         
   23 00000500         
   24 00000500         ; <h> Heap Configuration
   25 00000500         ;   <o>  Heap Size (in Bytes) <0x0-0xFFFFFFFF:8>
   26 00000500         ; </h>
   27 00000500                 IF               :LNOT: :DEF: Heap_Size
   29                          ENDIF
   30 00000500                 AREA             HEAP, NOINIT, READWRITE, ALIGN=
3
   31 00000000         __heap_base
   32 00000000         Heap_Mem
                               SPACE            Heap_Size
   33 00000500         __heap_limit
   34 00000500         
   35 00000500         
   36 00000500                 PRESERVE8
   37 00000500                 THUMB
   38 00000500         
   39 00000500         
   40 00000500         ; Vector Table Mapped to Address 0 at Reset
   41 00000500         
   42 00000500                 AREA             RESET, DATA, READONLY
   43 00000000                 EXPORT           __Vectors
   44 00000000         
   45 00000000 00000000 
                       __Vectors
                               DCD              __initial_sp ; Top of Stack
   46 00000004 00000000        DCD              Reset_Handler ; Reset Handler
   47 00000008 00000000        DCD              NMI_Handler ; NMI Handler
   48 0000000C 00000000        DCD              HardFault_Handler ; Hard Fault 
                                                            Handler
   49 00000010 00000000        DCD              0           ; Reserved
   50 00000014 00000000        DCD              0           ; Reserved



ARM Macro Assembler    Page 2 


   51 00000018 00000000        DCD              0           ; Reserved
   52 0000001C 00000000        DCD              0           ; Reserved
   53 00000020 00000000        DCD              0           ; Reserved
   54 00000024 00000000        DCD              0           ; Reserved
   55 00000028 00000000        DCD              0           ; Reserved
   56 0000002C 00000000        DCD              SVC_Handler ; SVCall Handler
   57 00000030 00000000        DCD              0           ; Reserved
   58 00000034 00000000        DCD              0           ; Reserved
   59 00000038 00000000        DCD              PendSV_Handler ; PendSV Handler
                                                            
   60 0000003C 00000000        DCD              SysTick_Handler 
                                                            ; SysTick Handler
   61 00000040         
   62 00000040         ; External Interrupts
   63 00000040         ; Remove all External Interrupts to reduce code size
   64 00000040         ; This interrupts table is not used in polling mode
   65 00000040         
   66 00000040         
   67 00000040         __Vectors_End
   68 00000040         
   69 00000040 00000040 
                       __Vectors_Size
                               EQU              __Vectors_End - __Vectors
   70 00000040                 AREA             |.text|, CODE, READONLY
   71 00000000         
   72 00000000         
   73 00000000         ; Reset Handler
   74 00000000         
   75 00000000         Reset_Handler
                               PROC
   76 00000000                 EXPORT           Reset_Handler             [WEAK
]
   77 00000000                 IMPORT           __main
   78 00000000         ; Unlock Register
   79 00000000 4809            LDR              R0, =0x50000100
   80 00000002 490A            LDR              R1, =0x59
   81 00000004 6001            STR              R1, [R0]
   82 00000006 490A            LDR              R1, =0x16
   83 00000008 6001            STR              R1, [R0]
   84 0000000A 490A            LDR              R1, =0x88
   85 0000000C 6001            STR              R1, [R0]
   86 0000000E         
   87 0000000E         ; Init POR
   88 0000000E 4A0A            LDR              R2, =0x50000060
   89 00000010 490A            LDR              R1, =0x00005AA5
   90 00000012 6011            STR              R1, [R2]
   91 00000014         
   92 00000014         ; Lock register
   93 00000014 2100            MOVS             R1, #0
   94 00000016 6001            STR              R1, [R0]
   95 00000018         
   96 00000018 4809            LDR              R0, =__main
   97 0000001A 4700            BX               R0
   98 0000001C                 ENDP
   99 0000001C         
  100 0000001C         
  101 0000001C         ; Dummy Exception Handlers (infinite loops which can be 
                       modified)
  102 0000001C         



ARM Macro Assembler    Page 3 


  103 0000001C         NMI_Handler
                               PROC
  104 0000001C                 EXPORT           NMI_Handler               [WEAK
]
  105 0000001C E7FE            B                .
  106 0000001E                 ENDP
  108 0000001E         HardFault_Handler
                               PROC
  109 0000001E                 EXPORT           HardFault_Handler         [WEAK
]
  110 0000001E E7FE            B                .
  111 00000020                 ENDP
  112 00000020         SVC_Handler
                               PROC
  113 00000020                 EXPORT           SVC_Handler               [WEAK
]
  114 00000020 E7FE            B                .
  115 00000022                 ENDP
  116 00000022         PendSV_Handler
                               PROC
  117 00000022                 EXPORT           PendSV_Handler            [WEAK
]
  118 00000022 E7FE            B                .
  119 00000024                 ENDP
  120 00000024         SysTick_Handler
                               PROC
  121 00000024                 EXPORT           SysTick_Handler           [WEAK
]
  122 00000024 E7FE            B                .
  123 00000026                 ENDP
  124 00000026         
  125 00000026         Default_Handler
                               PROC
  126 00000026         
  127 00000026                 EXPORT           BOD_IRQHandler            [WEAK
]
  128 00000026                 EXPORT           WDT_IRQHandler            [WEAK
]
  129 00000026                 EXPORT           EINT0_IRQHandler          [WEAK
]
  130 00000026                 EXPORT           EINT1_IRQHandler          [WEAK
]
  131 00000026                 EXPORT           GPABC_IRQHandler          [WEAK
]
  132 00000026                 EXPORT           GPDEF_IRQHandler          [WEAK
]
  133 00000026                 EXPORT           PWM0_IRQHandler           [WEAK
]
  134 00000026                 EXPORT           PWM1_IRQHandler           [WEAK
]
  135 00000026                 EXPORT           TMR0_IRQHandler           [WEAK
]
  136 00000026                 EXPORT           TMR1_IRQHandler           [WEAK
]
  137 00000026                 EXPORT           TMR2_IRQHandler           [WEAK
]
  138 00000026                 EXPORT           TMR3_IRQHandler           [WEAK
]
  139 00000026                 EXPORT           UART0_IRQHandler          [WEAK



ARM Macro Assembler    Page 4 


]
  140 00000026                 EXPORT           UART1_IRQHandler          [WEAK
]
  141 00000026                 EXPORT           SPI0_IRQHandler           [WEAK
]
  142 00000026                 EXPORT           SPI1_IRQHandler           [WEAK
]
  143 00000026                 EXPORT           SPI2_IRQHandler           [WEAK
]
  144 00000026                 EXPORT           HIRC_IRQHandler           [WEAK
]
  145 00000026                 EXPORT           I2C0_IRQHandler           [WEAK
]
  146 00000026                 EXPORT           I2C1_IRQHandler           [WEAK
]
  147 00000026                 EXPORT           SC2_IRQHandler            [WEAK
]
  148 00000026                 EXPORT           SC0_IRQHandler            [WEAK
]
  149 00000026                 EXPORT           SC1_IRQHandler            [WEAK
]
  150 00000026                 EXPORT           USBD_IRQHandler           [WEAK
]
  151 00000026                 EXPORT           LCD_IRQHandler            [WEAK
]
  152 00000026                 EXPORT           PDMA_IRQHandler           [WEAK
]
  153 00000026                 EXPORT           I2S_IRQHandler            [WEAK
]
  154 00000026                 EXPORT           PDWU_IRQHandler           [WEAK
]
  155 00000026                 EXPORT           ADC_IRQHandler            [WEAK
]
  156 00000026                 EXPORT           DAC_IRQHandler            [WEAK
]
  157 00000026                 EXPORT           RTC_IRQHandler            [WEAK
]
  158 00000026         
  159 00000026         BOD_IRQHandler
  160 00000026         WDT_IRQHandler
  161 00000026         EINT0_IRQHandler
  162 00000026         EINT1_IRQHandler
  163 00000026         GPABC_IRQHandler
  164 00000026         GPDEF_IRQHandler
  165 00000026         PWM0_IRQHandler
  166 00000026         PWM1_IRQHandler
  167 00000026         TMR0_IRQHandler
  168 00000026         TMR1_IRQHandler
  169 00000026         TMR2_IRQHandler
  170 00000026         TMR3_IRQHandler
  171 00000026         UART0_IRQHandler
  172 00000026         UART1_IRQHandler
  173 00000026         SPI0_IRQHandler
  174 00000026         SPI1_IRQHandler
  175 00000026         SPI2_IRQHandler
  176 00000026         HIRC_IRQHandler
  177 00000026         I2C0_IRQHandler
  178 00000026         I2C1_IRQHandler
  179 00000026         SC2_IRQHandler



ARM Macro Assembler    Page 5 


  180 00000026         SC0_IRQHandler
  181 00000026         SC1_IRQHandler
  182 00000026         USBD_IRQHandler
  183 00000026         LCD_IRQHandler
  184 00000026         PDMA_IRQHandler
  185 00000026         I2S_IRQHandler
  186 00000026         PDWU_IRQHandler
  187 00000026         ADC_IRQHandler
  188 00000026         DAC_IRQHandler
  189 00000026         RTC_IRQHandler
  190 00000026         
  191 00000026 E7FE            B                .
  192 00000028         
  193 00000028                 ENDP
  194 00000028         
  195 00000028         
  196 00000028                 ALIGN
  197 00000028         
  198 00000028         
  199 00000028         ; User Initial Stack & Heap
  200 00000028         
  201 00000028                 IF               :DEF:__MICROLIB
  202 00000028         
  203 00000028                 EXPORT           __initial_sp
  204 00000028                 EXPORT           __heap_base
  205 00000028                 EXPORT           __heap_limit
  206 00000028         
  207 00000028                 ELSE
  221                          ENDIF
  222 00000028         
  223 00000028         
  224 00000028                 END
              50000100 
              00000059 
              00000016 
              00000088 
              50000060 
              00005AA5 
              00000000 
Command Line: --debug --xref --diag_suppress=9931 --cpu=Cortex-M0 --apcs=interw
ork --depend=.\obj\startup_nano100series_user.d -o.\obj\startup_nano100series_u
ser.o -IC:\Keil_v5\ARM\RV31\INC -IC:\Keil_v5\ARM\CMSIS\Include -IC:\Keil_v5\ARM
\INC\?ST\STM32F10x --predefine="__MICROLIB SETA 1" --predefine="__UVISION_VERSI
ON SETA 531" --list=.\lst\startup_nano100series_user.lst ..\startup_Nano100Seri
es_user.s



ARM Macro Assembler    Page 1 Alphabetic symbol ordering
Relocatable symbols

STACK 00000000

Symbol: STACK
   Definitions
      At line 19 in file ..\startup_Nano100Series_user.s
   Uses
      None
Comment: STACK unused
Stack_Mem 00000000

Symbol: Stack_Mem
   Definitions
      At line 20 in file ..\startup_Nano100Series_user.s
   Uses
      None
Comment: Stack_Mem unused
__initial_sp 00000500

Symbol: __initial_sp
   Definitions
      At line 21 in file ..\startup_Nano100Series_user.s
   Uses
      At line 45 in file ..\startup_Nano100Series_user.s
      At line 203 in file ..\startup_Nano100Series_user.s

3 symbols



ARM Macro Assembler    Page 1 Alphabetic symbol ordering
Relocatable symbols

HEAP 00000000

Symbol: HEAP
   Definitions
      At line 30 in file ..\startup_Nano100Series_user.s
   Uses
      None
Comment: HEAP unused
Heap_Mem 00000000

Symbol: Heap_Mem
   Definitions
      At line 32 in file ..\startup_Nano100Series_user.s
   Uses
      None
Comment: Heap_Mem unused
__heap_base 00000000

Symbol: __heap_base
   Definitions
      At line 31 in file ..\startup_Nano100Series_user.s
   Uses
      At line 204 in file ..\startup_Nano100Series_user.s
Comment: __heap_base used once
__heap_limit 00000500

Symbol: __heap_limit
   Definitions
      At line 33 in file ..\startup_Nano100Series_user.s
   Uses
      At line 205 in file ..\startup_Nano100Series_user.s
Comment: __heap_limit used once
4 symbols



ARM Macro Assembler    Page 1 Alphabetic symbol ordering
Relocatable symbols

RESET 00000000

Symbol: RESET
   Definitions
      At line 42 in file ..\startup_Nano100Series_user.s
   Uses
      None
Comment: RESET unused
__Vectors 00000000

Symbol: __Vectors
   Definitions
      At line 45 in file ..\startup_Nano100Series_user.s
   Uses
      At line 43 in file ..\startup_Nano100Series_user.s
      At line 69 in file ..\startup_Nano100Series_user.s

__Vectors_End 00000040

Symbol: __Vectors_End
   Definitions
      At line 67 in file ..\startup_Nano100Series_user.s
   Uses
      At line 69 in file ..\startup_Nano100Series_user.s
Comment: __Vectors_End used once
3 symbols



ARM Macro Assembler    Page 1 Alphabetic symbol ordering
Relocatable symbols

.text 00000000

Symbol: .text
   Definitions
      At line 70 in file ..\startup_Nano100Series_user.s
   Uses
      None
Comment: .text unused
ADC_IRQHandler 00000026

Symbol: ADC_IRQHandler
   Definitions
      At line 187 in file ..\startup_Nano100Series_user.s
   Uses
      At line 155 in file ..\startup_Nano100Series_user.s
Comment: ADC_IRQHandler used once
BOD_IRQHandler 00000026

Symbol: BOD_IRQHandler
   Definitions
      At line 159 in file ..\startup_Nano100Series_user.s
   Uses
      At line 127 in file ..\startup_Nano100Series_user.s
Comment: BOD_IRQHandler used once
DAC_IRQHandler 00000026

Symbol: DAC_IRQHandler
   Definitions
      At line 188 in file ..\startup_Nano100Series_user.s
   Uses
      At line 156 in file ..\startup_Nano100Series_user.s
Comment: DAC_IRQHandler used once
Default_Handler 00000026

Symbol: Default_Handler
   Definitions
      At line 125 in file ..\startup_Nano100Series_user.s
   Uses
      None
Comment: Default_Handler unused
EINT0_IRQHandler 00000026

Symbol: EINT0_IRQHandler
   Definitions
      At line 161 in file ..\startup_Nano100Series_user.s
   Uses
      At line 129 in file ..\startup_Nano100Series_user.s
Comment: EINT0_IRQHandler used once
EINT1_IRQHandler 00000026

Symbol: EINT1_IRQHandler
   Definitions
      At line 162 in file ..\startup_Nano100Series_user.s
   Uses
      At line 130 in file ..\startup_Nano100Series_user.s
Comment: EINT1_IRQHandler used once
GPABC_IRQHandler 00000026

Symbol: GPABC_IRQHandler



ARM Macro Assembler    Page 2 Alphabetic symbol ordering
Relocatable symbols

   Definitions
      At line 163 in file ..\startup_Nano100Series_user.s
   Uses
      At line 131 in file ..\startup_Nano100Series_user.s
Comment: GPABC_IRQHandler used once
GPDEF_IRQHandler 00000026

Symbol: GPDEF_IRQHandler
   Definitions
      At line 164 in file ..\startup_Nano100Series_user.s
   Uses
      At line 132 in file ..\startup_Nano100Series_user.s
Comment: GPDEF_IRQHandler used once
HIRC_IRQHandler 00000026

Symbol: HIRC_IRQHandler
   Definitions
      At line 176 in file ..\startup_Nano100Series_user.s
   Uses
      At line 144 in file ..\startup_Nano100Series_user.s
Comment: HIRC_IRQHandler used once
HardFault_Handler 0000001E

Symbol: HardFault_Handler
   Definitions
      At line 108 in file ..\startup_Nano100Series_user.s
   Uses
      At line 48 in file ..\startup_Nano100Series_user.s
      At line 109 in file ..\startup_Nano100Series_user.s

I2C0_IRQHandler 00000026

Symbol: I2C0_IRQHandler
   Definitions
      At line 177 in file ..\startup_Nano100Series_user.s
   Uses
      At line 145 in file ..\startup_Nano100Series_user.s
Comment: I2C0_IRQHandler used once
I2C1_IRQHandler 00000026

Symbol: I2C1_IRQHandler
   Definitions
      At line 178 in file ..\startup_Nano100Series_user.s
   Uses
      At line 146 in file ..\startup_Nano100Series_user.s
Comment: I2C1_IRQHandler used once
I2S_IRQHandler 00000026

Symbol: I2S_IRQHandler
   Definitions
      At line 185 in file ..\startup_Nano100Series_user.s
   Uses
      At line 153 in file ..\startup_Nano100Series_user.s
Comment: I2S_IRQHandler used once
LCD_IRQHandler 00000026

Symbol: LCD_IRQHandler
   Definitions
      At line 183 in file ..\startup_Nano100Series_user.s



ARM Macro Assembler    Page 3 Alphabetic symbol ordering
Relocatable symbols

   Uses
      At line 151 in file ..\startup_Nano100Series_user.s
Comment: LCD_IRQHandler used once
NMI_Handler 0000001C

Symbol: NMI_Handler
   Definitions
      At line 103 in file ..\startup_Nano100Series_user.s
   Uses
      At line 47 in file ..\startup_Nano100Series_user.s
      At line 104 in file ..\startup_Nano100Series_user.s

PDMA_IRQHandler 00000026

Symbol: PDMA_IRQHandler
   Definitions
      At line 184 in file ..\startup_Nano100Series_user.s
   Uses
      At line 152 in file ..\startup_Nano100Series_user.s
Comment: PDMA_IRQHandler used once
PDWU_IRQHandler 00000026

Symbol: PDWU_IRQHandler
   Definitions
      At line 186 in file ..\startup_Nano100Series_user.s
   Uses
      At line 154 in file ..\startup_Nano100Series_user.s
Comment: PDWU_IRQHandler used once
PWM0_IRQHandler 00000026

Symbol: PWM0_IRQHandler
   Definitions
      At line 165 in file ..\startup_Nano100Series_user.s
   Uses
      At line 133 in file ..\startup_Nano100Series_user.s
Comment: PWM0_IRQHandler used once
PWM1_IRQHandler 00000026

Symbol: PWM1_IRQHandler
   Definitions
      At line 166 in file ..\startup_Nano100Series_user.s
   Uses
      At line 134 in file ..\startup_Nano100Series_user.s
Comment: PWM1_IRQHandler used once
PendSV_Handler 00000022

Symbol: PendSV_Handler
   Definitions
      At line 116 in file ..\startup_Nano100Series_user.s
   Uses
      At line 59 in file ..\startup_Nano100Series_user.s
      At line 117 in file ..\startup_Nano100Series_user.s

RTC_IRQHandler 00000026

Symbol: RTC_IRQHandler
   Definitions
      At line 189 in file ..\startup_Nano100Series_user.s
   Uses



ARM Macro Assembler    Page 4 Alphabetic symbol ordering
Relocatable symbols

      At line 157 in file ..\startup_Nano100Series_user.s
Comment: RTC_IRQHandler used once
Reset_Handler 00000000

Symbol: Reset_Handler
   Definitions
      At line 75 in file ..\startup_Nano100Series_user.s
   Uses
      At line 46 in file ..\startup_Nano100Series_user.s
      At line 76 in file ..\startup_Nano100Series_user.s

SC0_IRQHandler 00000026

Symbol: SC0_IRQHandler
   Definitions
      At line 180 in file ..\startup_Nano100Series_user.s
   Uses
      At line 148 in file ..\startup_Nano100Series_user.s
Comment: SC0_IRQHandler used once
SC1_IRQHandler 00000026

Symbol: SC1_IRQHandler
   Definitions
      At line 181 in file ..\startup_Nano100Series_user.s
   Uses
      At line 149 in file ..\startup_Nano100Series_user.s
Comment: SC1_IRQHandler used once
SC2_IRQHandler 00000026

Symbol: SC2_IRQHandler
   Definitions
      At line 179 in file ..\startup_Nano100Series_user.s
   Uses
      At line 147 in file ..\startup_Nano100Series_user.s
Comment: SC2_IRQHandler used once
SPI0_IRQHandler 00000026

Symbol: SPI0_IRQHandler
   Definitions
      At line 173 in file ..\startup_Nano100Series_user.s
   Uses
      At line 141 in file ..\startup_Nano100Series_user.s
Comment: SPI0_IRQHandler used once
SPI1_IRQHandler 00000026

Symbol: SPI1_IRQHandler
   Definitions
      At line 174 in file ..\startup_Nano100Series_user.s
   Uses
      At line 142 in file ..\startup_Nano100Series_user.s
Comment: SPI1_IRQHandler used once
SPI2_IRQHandler 00000026

Symbol: SPI2_IRQHandler
   Definitions
      At line 175 in file ..\startup_Nano100Series_user.s
   Uses
      At line 143 in file ..\startup_Nano100Series_user.s
Comment: SPI2_IRQHandler used once



ARM Macro Assembler    Page 5 Alphabetic symbol ordering
Relocatable symbols

SVC_Handler 00000020

Symbol: SVC_Handler
   Definitions
      At line 112 in file ..\startup_Nano100Series_user.s
   Uses
      At line 56 in file ..\startup_Nano100Series_user.s
      At line 113 in file ..\startup_Nano100Series_user.s

SysTick_Handler 00000024

Symbol: SysTick_Handler
   Definitions
      At line 120 in file ..\startup_Nano100Series_user.s
   Uses
      At line 60 in file ..\startup_Nano100Series_user.s
      At line 121 in file ..\startup_Nano100Series_user.s

TMR0_IRQHandler 00000026

Symbol: TMR0_IRQHandler
   Definitions
      At line 167 in file ..\startup_Nano100Series_user.s
   Uses
      At line 135 in file ..\startup_Nano100Series_user.s
Comment: TMR0_IRQHandler used once
TMR1_IRQHandler 00000026

Symbol: TMR1_IRQHandler
   Definitions
      At line 168 in file ..\startup_Nano100Series_user.s
   Uses
      At line 136 in file ..\startup_Nano100Series_user.s
Comment: TMR1_IRQHandler used once
TMR2_IRQHandler 00000026

Symbol: TMR2_IRQHandler
   Definitions
      At line 169 in file ..\startup_Nano100Series_user.s
   Uses
      At line 137 in file ..\startup_Nano100Series_user.s
Comment: TMR2_IRQHandler used once
TMR3_IRQHandler 00000026

Symbol: TMR3_IRQHandler
   Definitions
      At line 170 in file ..\startup_Nano100Series_user.s
   Uses
      At line 138 in file ..\startup_Nano100Series_user.s
Comment: TMR3_IRQHandler used once
UART0_IRQHandler 00000026

Symbol: UART0_IRQHandler
   Definitions
      At line 171 in file ..\startup_Nano100Series_user.s
   Uses
      At line 139 in file ..\startup_Nano100Series_user.s
Comment: UART0_IRQHandler used once
UART1_IRQHandler 00000026



ARM Macro Assembler    Page 6 Alphabetic symbol ordering
Relocatable symbols


Symbol: UART1_IRQHandler
   Definitions
      At line 172 in file ..\startup_Nano100Series_user.s
   Uses
      At line 140 in file ..\startup_Nano100Series_user.s
Comment: UART1_IRQHandler used once
USBD_IRQHandler 00000026

Symbol: USBD_IRQHandler
   Definitions
      At line 182 in file ..\startup_Nano100Series_user.s
   Uses
      At line 150 in file ..\startup_Nano100Series_user.s
Comment: USBD_IRQHandler used once
WDT_IRQHandler 00000026

Symbol: WDT_IRQHandler
   Definitions
      At line 160 in file ..\startup_Nano100Series_user.s
   Uses
      At line 128 in file ..\startup_Nano100Series_user.s
Comment: WDT_IRQHandler used once
39 symbols



ARM Macro Assembler    Page 1 Alphabetic symbol ordering
Absolute symbols

Heap_Size 00000500

Symbol: Heap_Size
   Definitions
      At line 28 in file ..\startup_Nano100Series_user.s
   Uses
      At line 32 in file ..\startup_Nano100Series_user.s
Comment: Heap_Size used once
Stack_Size 00000500

Symbol: Stack_Size
   Definitions
      At line 17 in file ..\startup_Nano100Series_user.s
   Uses
      At line 20 in file ..\startup_Nano100Series_user.s
Comment: Stack_Size used once
__Vectors_Size 00000040

Symbol: __Vectors_Size
   Definitions
      At line 69 in file ..\startup_Nano100Series_user.s
   Uses
      None
Comment: __Vectors_Size unused
3 symbols



ARM Macro Assembler    Page 1 Alphabetic symbol ordering
External symbols

__main 00000000

Symbol: __main
   Definitions
      At line 77 in file ..\startup_Nano100Series_user.s
   Uses
      At line 96 in file ..\startup_Nano100Series_user.s
Comment: __main used once
1 symbol
389 symbols in table
